<?xml version="1.0" ?>
<coverage version="7.6" lines-valid="6" lines-covered="4" line-rate="0.66" branches-valid="2" branches-covered="1" branch-rate="0.5" complexity="0">
  <sources><source>pysrc</source></sources>
  <packages><package name="app" line-rate="0.66" branch-rate="0.5" complexity="0"><classes>
    <class name="calc.py" filename="app/calc.py" complexity="0" line-rate="0.66" branch-rate="0.5">
      <methods/>
      <lines>
        <line number="1" hits="1"/>
        <line number="2" hits="1" branch="true" condition-coverage="50% (1/2)" missing-branches="3"/>
        <line number="3" hits="0"/>
        <line number="4" hits="1"/>
        <line number="6" hits="1"/>
        <line number="7" hits="0"/>
      </lines>
    </class>
  </classes></package></packages>
</coverage>
