<?xml version="1.0" encoding="UTF-8" standalone="yes"?><!DOCTYPE report PUBLIC "-//JACOCO//DTD Report 1.1//EN" "report.dtd"><report name="demo"><sessioninfo id="x" start="1" dump="2"/><package name="com/acme"><class name="com/acme/Calc" sourcefilename="Calc.java"><method name="abs" desc="(I)I" line="3"><counter type="LINE" missed="1" covered="2"/></method></class><sourcefile name="Calc.java"><line nr="4" mi="0" ci="2" mb="1" cb="1"/><line nr="5" mi="3" ci="0" mb="0" cb="0"/><line nr="7" mi="0" ci="2" mb="0" cb="0"/><counter type="LINE" missed="1" covered="2"/></sourcefile></package></report>
